  Source.cpp
C:\Users\Luke\Documents\GAD173\GAD173 20T2\Breakout clone\Breakout clone\Source.cpp(30,22): warning C4244: '=': conversion from 'int' to 'T', possible loss of data
          with
          [
              T=float
          ]
C:\Users\Luke\Documents\GAD173\GAD173 20T2\Breakout clone\Breakout clone\Source.cpp(40,27): warning C4244: 'argument': conversion from 'int' to 'T', possible loss of data
          with
          [
              T=float
          ]
C:\Users\Luke\Documents\GAD173\GAD173 20T2\Breakout clone\Breakout clone\Source.cpp(43,30): warning C4244: 'argument': conversion from 'int' to 'T', possible loss of data
          with
          [
              T=float
          ]
C:\Users\Luke\Documents\GAD173\GAD173 20T2\Breakout clone\Breakout clone\Source.cpp(44,45): warning C4244: 'argument': conversion from 'int' to 'T', possible loss of data
          with
          [
              T=float
          ]
C:\Users\Luke\Documents\GAD173\GAD173 20T2\Breakout clone\Breakout clone\Source.cpp(46,31): warning C4244: 'argument': conversion from 'int' to 'T', possible loss of data
          with
          [
              T=float
          ]
C:\Users\Luke\Documents\GAD173\GAD173 20T2\Breakout clone\Breakout clone\Source.cpp(49,32): warning C4244: 'argument': conversion from 'int' to 'T', possible loss of data
          with
          [
              T=float
          ]
C:\Users\Luke\Documents\GAD173\GAD173 20T2\Breakout clone\Breakout clone\Source.cpp(50,41): warning C4244: 'argument': conversion from 'int' to 'T', possible loss of data
          with
          [
              T=float
          ]
  Breakout clone.vcxproj -> C:\Users\Luke\Documents\GAD173\GAD173 20T2\Breakout clone\Debug\Breakout clone.exe
